0 info it worked if it ends with ok
1 verbose cli [ 'C:\\Program Files\\nodejs\\node.exe',
1 verbose cli   'C:\\Users\\Klee\\AppData\\Roaming\\npm\\node_modules\\npm\\bin\\npm-cli.js',
1 verbose cli   'start' ]
2 info using npm@3.7.5
3 info using node@v6.3.1
4 verbose stack Error: Failed to parse json
4 verbose stack Trailing comma in object at 26:3
4 verbose stack   },
4 verbose stack   ^
4 verbose stack     at parseError (C:\Users\Klee\AppData\Roaming\npm\node_modules\npm\node_modules\read-package-json\read-json.js:379:11)
4 verbose stack     at parseJson (C:\Users\Klee\AppData\Roaming\npm\node_modules\npm\node_modules\read-package-json\read-json.js:68:23)
4 verbose stack     at C:\Users\Klee\AppData\Roaming\npm\node_modules\npm\node_modules\read-package-json\read-json.js:48:5
4 verbose stack     at C:\Users\Klee\AppData\Roaming\npm\node_modules\npm\node_modules\graceful-fs\graceful-fs.js:78:16
4 verbose stack     at tryToString (fs.js:455:3)
4 verbose stack     at FSReqWrap.readFileAfterClose [as oncomplete] (fs.js:442:12)
5 verbose cwd C:\development\Presentations\ddd\ncgau-intro-slides
6 error Windows_NT 10.0.14393
7 error argv "C:\\Program Files\\nodejs\\node.exe" "C:\\Users\\Klee\\AppData\\Roaming\\npm\\node_modules\\npm\\bin\\npm-cli.js" "start"
8 error node v6.3.1
9 error npm  v3.7.5
10 error file C:\development\Presentations\ddd\ncgau-intro-slides\package.json
11 error code EJSONPARSE
12 error Failed to parse json
12 error Trailing comma in object at 26:3
12 error   },
12 error   ^
13 error File: C:\development\Presentations\ddd\ncgau-intro-slides\package.json
14 error Failed to parse package.json data.
14 error package.json must be actual JSON, not just JavaScript.
14 error
14 error This is not a bug in npm.
14 error Tell the package author to fix their package.json file. JSON.parse
15 verbose exit [ 1, true ]
